<?xml version="1.0" encoding="UTF-8"?>
<testng-results ignored="0" total="1" passed="1" failed="0" skipped="0">
  <reporter-output>
  </reporter-output>
  <suite started-at="2019-07-16T19:08:25Z" name="Default suite" finished-at="2019-07-16T19:08:42Z" duration-ms="17059">
    <groups>
    </groups>
    <test started-at="2019-07-16T19:08:25Z" name="Default test" finished-at="2019-07-16T19:08:42Z" duration-ms="17059">
      <class name="Automation.End2EndProject.DemoClass">
        <test-method signature="PageNavigation()[pri:0, instance:Automation.End2EndProject.DemoClass@214b199c]" started-at="2019-07-16T15:08:25Z" name="PageNavigation" finished-at="2019-07-16T15:08:42Z" duration-ms="17032" status="PASS">
          <reporter-output>
          </reporter-output>
        </test-method> <!-- PageNavigation -->
      </class> <!-- Automation.End2EndProject.DemoClass -->
    </test> <!-- Default test -->
  </suite> <!-- Default suite -->
</testng-results>
