<?xml version="1.0" encoding="UTF-8"?>
<testng-results ignored="0" total="1" passed="0" failed="1" skipped="0">
  <reporter-output>
  </reporter-output>
  <suite started-at="2019-07-08T18:00:47Z" name="Default suite" finished-at="2019-07-08T18:01:13Z" duration-ms="26567">
    <groups>
    </groups>
    <test started-at="2019-07-08T18:00:47Z" name="Default test" finished-at="2019-07-08T18:01:13Z" duration-ms="26567">
      <class name="Automation.End2EndProject.DemoClass">
        <test-method signature="PageNavigation()[pri:0, instance:Automation.End2EndProject.DemoClass@214b199c]" started-at="2019-07-08T14:00:47Z" name="PageNavigation" finished-at="2019-07-08T14:01:13Z" duration-ms="26489" status="FAIL">
          <exception class="org.openqa.selenium.NoSuchElementException">
            <message>
              <![CDATA[no such element: Unable to locate element: {"method":"xpath","selector":"//div[@id='385']//button[@class='Button-bwu3xu-0 hQWGxc'][contains(text(),'+')] "}  (Session info: chrome=75.0.3770.100)For documentation on this error, please visit: http://seleniumhq.org/exceptions/no_such_element.htmlBuild info: version: '3.141.5', revision: 'd54ebd709a', time: '2018-11-06T11:42:16'System info: host: 'DESKTOP-S6JMS4O', ip: '10.0.0.70', os.name: 'Windows 10', os.arch: 'amd64', os.version: '10.0', java.version: '12.0.1'Driver info: org.openqa.selenium.chrome.ChromeDriverCapabilities {acceptInsecureCerts: false, browserName: chrome, browserVersion: 75.0.3770.100, chrome: {chromedriverVersion: 75.0.3770.90 (a6dcaf7e3ec6f..., userDataDir: C:\Users\cheta\AppData\Loca...}, goog:chromeOptions: {debuggerAddress: localhost:63047}, javascriptEnabled: true, networkConnectionEnabled: false, pageLoadStrategy: normal, platform: XP, platformName: XP, proxy: Proxy(), setWindowRect: true, strictFileInteractability: false, timeouts: {implicit: 0, pageLoad: 300000, script: 30000}, unhandledPromptBehavior: dismiss and notify}Session ID: d02e0e493632d9831e92bf719539d690*** Element info: {Using=xpath, value=//div[@id='385']//button[@class='Button-bwu3xu-0 hQWGxc'][contains(text(),'+')] }]]>
            </message>
            <full-stacktrace>
              <![CDATA[org.openqa.selenium.NoSuchElementException: no such element: Unable to locate element: {"method":"xpath","selector":"//div[@id='385']//button[@class='Button-bwu3xu-0 hQWGxc'][contains(text(),'+')] "}  (Session info: chrome=75.0.3770.100)For documentation on this error, please visit: http://seleniumhq.org/exceptions/no_such_element.htmlBuild info: version: '3.141.5', revision: 'd54ebd709a', time: '2018-11-06T11:42:16'System info: host: 'DESKTOP-S6JMS4O', ip: '10.0.0.70', os.name: 'Windows 10', os.arch: 'amd64', os.version: '10.0', java.version: '12.0.1'Driver info: org.openqa.selenium.chrome.ChromeDriverCapabilities {acceptInsecureCerts: false, browserName: chrome, browserVersion: 75.0.3770.100, chrome: {chromedriverVersion: 75.0.3770.90 (a6dcaf7e3ec6f..., userDataDir: C:\Users\cheta\AppData\Loca...}, goog:chromeOptions: {debuggerAddress: localhost:63047}, javascriptEnabled: true, networkConnectionEnabled: false, pageLoadStrategy: normal, platform: XP, platformName: XP, proxy: Proxy(), setWindowRect: true, strictFileInteractability: false, timeouts: {implicit: 0, pageLoad: 300000, script: 30000}, unhandledPromptBehavior: dismiss and notify}Session ID: d02e0e493632d9831e92bf719539d690*** Element info: {Using=xpath, value=//div[@id='385']//button[@class='Button-bwu3xu-0 hQWGxc'][contains(text(),'+')] }at java.base/jdk.internal.reflect.NativeConstructorAccessorImpl.newInstance0(Native Method)at java.base/jdk.internal.reflect.NativeConstructorAccessorImpl.newInstance(NativeConstructorAccessorImpl.java:62)at java.base/jdk.internal.reflect.DelegatingConstructorAccessorImpl.newInstance(DelegatingConstructorAccessorImpl.java:45)at java.base/java.lang.reflect.Constructor.newInstanceWithCaller(Constructor.java:500)at java.base/java.lang.reflect.Constructor.newInstance(Constructor.java:481)at org.openqa.selenium.remote.http.W3CHttpResponseCodec.createException(W3CHttpResponseCodec.java:187)at org.openqa.selenium.remote.http.W3CHttpResponseCodec.decode(W3CHttpResponseCodec.java:122)at org.openqa.selenium.remote.http.W3CHttpResponseCodec.decode(W3CHttpResponseCodec.java:49)at org.openqa.selenium.remote.HttpCommandExecutor.execute(HttpCommandExecutor.java:158)at org.openqa.selenium.remote.service.DriverCommandExecutor.execute(DriverCommandExecutor.java:83)at org.openqa.selenium.remote.RemoteWebDriver.execute(RemoteWebDriver.java:552)at org.openqa.selenium.remote.RemoteWebDriver.findElement(RemoteWebDriver.java:323)at org.openqa.selenium.remote.RemoteWebDriver.findElementByXPath(RemoteWebDriver.java:428)at org.openqa.selenium.By$ByXPath.findElement(By.java:353)at org.openqa.selenium.remote.RemoteWebDriver.findElement(RemoteWebDriver.java:315)at org.openqa.selenium.support.pagefactory.DefaultElementLocator.findElement(DefaultElementLocator.java:69)at org.openqa.selenium.support.pagefactory.internal.LocatingElementHandler.invoke(LocatingElementHandler.java:38)at com.sun.proxy.$Proxy10.click(Unknown Source)at Automation.End2EndProject.DemoClass.PageNavigation(DemoClass.java:81)at java.base/jdk.internal.reflect.NativeMethodAccessorImpl.invoke0(Native Method)at java.base/jdk.internal.reflect.NativeMethodAccessorImpl.invoke(NativeMethodAccessorImpl.java:62)at java.base/jdk.internal.reflect.DelegatingMethodAccessorImpl.invoke(DelegatingMethodAccessorImpl.java:43)at java.base/java.lang.reflect.Method.invoke(Method.java:567)at org.testng.internal.MethodInvocationHelper.invokeMethod(MethodInvocationHelper.java:124)at org.testng.internal.Invoker.invokeMethod(Invoker.java:571)at org.testng.internal.Invoker.invokeTestMethod(Invoker.java:707)at org.testng.internal.Invoker.invokeTestMethods(Invoker.java:979)at org.testng.internal.TestMethodWorker.invokeTestMethods(TestMethodWorker.java:125)at org.testng.internal.TestMethodWorker.run(TestMethodWorker.java:109)at org.testng.TestRunner.privateRun(TestRunner.java:648)at org.testng.TestRunner.run(TestRunner.java:505)at org.testng.SuiteRunner.runTest(SuiteRunner.java:455)at org.testng.SuiteRunner.runSequentially(SuiteRunner.java:450)at org.testng.SuiteRunner.privateRun(SuiteRunner.java:415)at org.testng.SuiteRunner.run(SuiteRunner.java:364)at org.testng.SuiteRunnerWorker.runSuite(SuiteRunnerWorker.java:52)at org.testng.SuiteRunnerWorker.run(SuiteRunnerWorker.java:84)at org.testng.TestNG.runSuitesSequentially(TestNG.java:1187)at org.testng.TestNG.runSuitesLocally(TestNG.java:1116)at org.testng.TestNG.runSuites(TestNG.java:1028)at org.testng.TestNG.run(TestNG.java:996)at org.testng.remote.AbstractRemoteTestNG.run(AbstractRemoteTestNG.java:115)at org.testng.remote.RemoteTestNG.initAndRun(RemoteTestNG.java:251)at org.testng.remote.RemoteTestNG.main(RemoteTestNG.java:77)]]>
            </full-stacktrace>
          </exception> <!-- org.openqa.selenium.NoSuchElementException -->
          <reporter-output>
          </reporter-output>
        </test-method> <!-- PageNavigation -->
      </class> <!-- Automation.End2EndProject.DemoClass -->
    </test> <!-- Default test -->
  </suite> <!-- Default suite -->
</testng-results>
